<?xml version="1.0" encoding="UTF-8"?>
<!-- Generated by org.testng.reporters.JUnitReportReporter -->
<testsuite hostname="LAPTOP-DBMG8J89" failures="0" tests="3" name="com.freecrm.qa.testcases.HomePageCrmLinkTest" time="26.359" errors="0" timestamp="2022-10-20T00:16:23 EDT" skipped="0">
  <testcase classname="com.freecrm.qa.testcases.HomePageCrmLinkTest" name="homePageTitleTest" time="8.431"/>
  <system-out/>
  <testcase classname="com.freecrm.qa.testcases.HomePageCrmLinkTest" name="verifyUserNameIsDisplayedTest" time="8.890"/>
  <system-out/>
  <testcase classname="com.freecrm.qa.testcases.HomePageCrmLinkTest" name="verifyContactsLinkTest" time="9.038"/>
  <system-out/>
</testsuite> <!-- com.freecrm.qa.testcases.HomePageCrmLinkTest -->
