<?xml version="1.0" encoding="UTF-8"?>
<!-- Generated by org.testng.reporters.JUnitReportReporter -->
<testsuite hostname="LAPTOP-DBMG8J89" failures="0" tests="1" name="com.freecrm.qa.testcases.ContactsPageCrmAppTest" time="9.813" errors="0" timestamp="2022-10-20T00:16:23 EDT" skipped="0">
  <testcase classname="com.freecrm.qa.testcases.ContactsPageCrmAppTest" name="verifyContactsPageLabelTest" time="9.813"/>
  <system-out/>
</testsuite> <!-- com.freecrm.qa.testcases.ContactsPageCrmAppTest -->
