<?xml version="1.0" encoding="UTF-8"?>
<!-- Generated by org.testng.reporters.JUnitReportReporter -->
<testsuite hostname="LAPTOP-DBMG8J89" failures="0" tests="2" name="com.freecrm.qa.testcases.LoginToCrmAppTest" time="18.917" errors="0" timestamp="2022-10-20T00:16:23 EDT" skipped="0">
  <testcase classname="com.freecrm.qa.testcases.LoginToCrmAppTest" name="loginPageTitleTest" time="8.578"/>
  <system-out/>
  <testcase classname="com.freecrm.qa.testcases.LoginToCrmAppTest" name="loginToAppTest" time="10.339"/>
  <system-out/>
</testsuite> <!-- com.freecrm.qa.testcases.LoginToCrmAppTest -->
